# JRE version: Java(TM) 2 Runtime Environment, Standard Edition (8.0_191-b12) (build 1.8.0_191-b12 26_Oct_2018_18_45 Mac OS X x64(SR5 FP25))
# Java VM: Java HotSpot(TM) 64-Bit Server VM (25.191-b12 mixed mode bsd-amd64 compressed oops)
Heap:
 PSYoungGen      total 127488K, used 99854K [0x00000007a0000000, 0x00000007ab500000, 0x00000007c0000000)
  eden space 98304K, 72% used [0x00000007a0000000,0x00000007a457fde0,0x00000007a6000000)
  from space 29184K, 98% used [0x00000007a6480000,0x00000007a8083ac0,0x00000007a8100000)
  to   space 43520K, 0% used [0x00000007a8a80000,0x00000007a8a80000,0x00000007ab500000)
 ParOldGen       total 68608K, used 46945K [0x0000000760000000, 0x0000000764300000, 0x00000007a0000000)
  object space 68608K, 68% used [0x0000000760000000,0x0000000762dd85a0,0x0000000764300000)
 Metaspace       used 51378K, capacity 52287K, committed 52656K, reserved 1093632K
  class space    used 7411K, capacity 7586K, committed 7600K, reserved 1048576K
GC Heap History (10 events):
Event: 22987.979 GC heap before
{Heap before GC invocations=34 (full 3):
 PSYoungGen      total 153088K, used 149412K [0x00000007a0000000, 0x00000007abe80000, 0x00000007c0000000)
  eden space 122368K, 100% used [0x00000007a0000000,0x00000007a7780000,0x00000007a7780000)
  from space 30720K, 88% used [0x00000007aa080000,0x00000007abae93a8,0x00000007abe80000)
  to   space 36352K, 0% used [0x00000007a7780000,0x00000007a7780000,0x00000007a9b00000)
 ParOldGen       total 68608K, used 46886K [0x0000000760000000, 0x0000000764300000, 0x00000007a0000000)
  object space 68608K, 68% used [0x0000000760000000,0x0000000762dc9950,0x0000000764300000)
 Metaspace       used 51097K, capacity 52031K, committed 52400K, reserved 1093632K
  class space    used 7405K, capacity 7586K, committed 7600K, reserved 1048576K
Event: 22991.323 GC heap after
Heap after GC invocations=34 (full 3):
 PSYoungGen      total 145920K, used 28430K [0x00000007a0000000, 0x00000007abf80000, 0x00000007c0000000)
  eden space 117248K, 0% used [0x00000007a0000000,0x00000007a0000000,0x00000007a7280000)
  from space 28672K, 99% used [0x00000007a7780000,0x00000007a9343890,0x00000007a9380000)
  to   space 39424K, 0% used [0x00000007a9900000,0x00000007a9900000,0x00000007abf80000)
 ParOldGen       total 68608K, used 46894K [0x0000000760000000, 0x0000000764300000, 0x00000007a0000000)
  object space 68608K, 68% used [0x0000000760000000,0x0000000762dcb950,0x0000000764300000)
 Metaspace       used 51097K, capacity 52031K, committed 52400K, reserved 1093632K
  class space    used 7405K, capacity 7586K, committed 7600K, reserved 1048576K
}
Event: 38883.218 GC heap before
{Heap before GC invocations=35 (full 3):
 PSYoungGen      total 145920K, used 145678K [0x00000007a0000000, 0x00000007abf80000, 0x00000007c0000000)
  eden space 117248K, 100% used [0x00000007a0000000,0x00000007a7280000,0x00000007a7280000)
  from space 28672K, 99% used [0x00000007a7780000,0x00000007a9343890,0x00000007a9380000)
  to   space 39424K, 0% used [0x00000007a9900000,0x00000007a9900000,0x00000007abf80000)
 ParOldGen       total 68608K, used 46894K [0x0000000760000000, 0x0000000764300000, 0x00000007a0000000)
  object space 68608K, 68% used [0x0000000760000000,0x0000000762dcb950,0x0000000764300000)
 Metaspace       used 51133K, capacity 52095K, committed 52400K, reserved 1093632K
  class space    used 7405K, capacity 7586K, committed 7600K, reserved 1048576K
Event: 38883.433 GC heap after
Heap after GC invocations=35 (full 3):
 PSYoungGen      total 150528K, used 27146K [0x00000007a0000000, 0x00000007abe80000, 0x00000007c0000000)
  eden space 112128K, 0% used [0x00000007a0000000,0x00000007a0000000,0x00000007a6d80000)
  from space 38400K, 70% used [0x00000007a9900000,0x00000007ab382b28,0x00000007abe80000)
  to   space 41472K, 0% used [0x00000007a6d80000,0x00000007a6d80000,0x00000007a9600000)
 ParOldGen       total 68608K, used 46902K [0x0000000760000000, 0x0000000764300000, 0x00000007a0000000)
  object space 68608K, 68% used [0x0000000760000000,0x0000000762dcd950,0x0000000764300000)
 Metaspace       used 51133K, capacity 52095K, committed 52400K, reserved 1093632K
  class space    used 7405K, capacity 7586K, committed 7600K, reserved 1048576K
}
Event: 38906.454 GC heap before
{Heap before GC invocations=36 (full 3):
 PSYoungGen      total 150528K, used 139274K [0x00000007a0000000, 0x00000007abe80000, 0x00000007c0000000)
  eden space 112128K, 100% used [0x00000007a0000000,0x00000007a6d80000,0x00000007a6d80000)
  from space 38400K, 70% used [0x00000007a9900000,0x00000007ab382b28,0x00000007abe80000)
  to   space 41472K, 0% used [0x00000007a6d80000,0x00000007a6d80000,0x00000007a9600000)
 ParOldGen       total 68608K, used 46902K [0x0000000760000000, 0x0000000764300000, 0x00000007a0000000)
  object space 68608K, 68% used [0x0000000760000000,0x0000000762dcd950,0x0000000764300000)
 Metaspace       used 51192K, capacity 52095K, committed 52400K, reserved 1093632K
  class space    used 7408K, capacity 7586K, committed 7600K, reserved 1048576K
Event: 38906.527 GC heap after
Heap after GC invocations=36 (full 3):
 PSYoungGen      total 130560K, used 22814K [0x00000007a0000000, 0x00000007ab900000, 0x00000007c0000000)
  eden space 107520K, 0% used [0x00000007a0000000,0x00000007a0000000,0x00000007a6900000)
  from space 23040K, 99% used [0x00000007a6d80000,0x00000007a83c7b30,0x00000007a8400000)
  to   space 40960K, 0% used [0x00000007a9100000,0x00000007a9100000,0x00000007ab900000)
 ParOldGen       total 68608K, used 46910K [0x0000000760000000, 0x0000000764300000, 0x00000007a0000000)
  object space 68608K, 68% used [0x0000000760000000,0x0000000762dcf950,0x0000000764300000)
 Metaspace       used 51192K, capacity 52095K, committed 52400K, reserved 1093632K
  class space    used 7408K, capacity 7586K, committed 7600K, reserved 1048576K
}
Event: 38930.972 GC heap before
{Heap before GC invocations=37 (full 3):
 PSYoungGen      total 130560K, used 130334K [0x00000007a0000000, 0x00000007ab900000, 0x00000007c0000000)
  eden space 107520K, 100% used [0x00000007a0000000,0x00000007a6900000,0x00000007a6900000)
  from space 23040K, 99% used [0x00000007a6d80000,0x00000007a83c7b30,0x00000007a8400000)
  to   space 40960K, 0% used [0x00000007a9100000,0x00000007a9100000,0x00000007ab900000)
 ParOldGen       total 68608K, used 46910K [0x0000000760000000, 0x0000000764300000, 0x00000007a0000000)
  object space 68608K, 68% used [0x0000000760000000,0x0000000762dcf950,0x0000000764300000)
 Metaspace       used 51323K, capacity 52287K, committed 52656K, reserved 1093632K
  class space    used 7410K, capacity 7586K, committed 7600K, reserved 1048576K
Event: 38931.013 GC heap after
Heap after GC invocations=37 (full 3):
 PSYoungGen      total 141312K, used 26276K [0x00000007a0000000, 0x00000007ab680000, 0x00000007c0000000)
  eden space 102912K, 0% used [0x00000007a0000000,0x00000007a0000000,0x00000007a6480000)
  from space 38400K, 68% used [0x00000007a9100000,0x00000007aaaa91e8,0x00000007ab680000)
  to   space 41984K, 0% used [0x00000007a6480000,0x00000007a6480000,0x00000007a8d80000)
 ParOldGen       total 68608K, used 46937K [0x0000000760000000, 0x0000000764300000, 0x00000007a0000000)
  object space 68608K, 68% used [0x0000000760000000,0x0000000762dd65a0,0x0000000764300000)
 Metaspace       used 51323K, capacity 52287K, committed 52656K, reserved 1093632K
  class space    used 7410K, capacity 7586K, committed 7600K, reserved 1048576K
}
Event: 39646.211 GC heap before
{Heap before GC invocations=38 (full 3):
 PSYoungGen      total 141312K, used 129188K [0x00000007a0000000, 0x00000007ab680000, 0x00000007c0000000)
  eden space 102912K, 100% used [0x00000007a0000000,0x00000007a6480000,0x00000007a6480000)
  from space 38400K, 68% used [0x00000007a9100000,0x00000007aaaa91e8,0x00000007ab680000)
  to   space 41984K, 0% used [0x00000007a6480000,0x00000007a6480000,0x00000007a8d80000)
 ParOldGen       total 68608K, used 46937K [0x0000000760000000, 0x0000000764300000, 0x00000007a0000000)
  object space 68608K, 68% used [0x0000000760000000,0x0000000762dd65a0,0x0000000764300000)
 Metaspace       used 51351K, capacity 52287K, committed 52656K, reserved 1093632K
  class space    used 7410K, capacity 7586K, committed 7600K, reserved 1048576K
Event: 39646.330 GC heap after
Heap after GC invocations=38 (full 3):
 PSYoungGen      total 127488K, used 28686K [0x00000007a0000000, 0x00000007ab500000, 0x00000007c0000000)
  eden space 98304K, 0% used [0x00000007a0000000,0x00000007a0000000,0x00000007a6000000)
  from space 29184K, 98% used [0x00000007a6480000,0x00000007a8083ac0,0x00000007a8100000)
  to   space 43520K, 0% used [0x00000007a8a80000,0x00000007a8a80000,0x00000007ab500000)
 ParOldGen       total 68608K, used 46945K [0x0000000760000000, 0x0000000764300000, 0x00000007a0000000)
  object space 68608K, 68% used [0x0000000760000000,0x0000000762dd85a0,0x0000000764300000)
 Metaspace       used 51351K, capacity 52287K, committed 52656K, reserved 1093632K
  class space    used 7410K, capacity 7586K, committed 7600K, reserved 1048576K
}

