# JRE version: Java(TM) 2 Runtime Environment, Standard Edition (8.0_191-b12) (build 1.8.0_191-b12 26_Oct_2018_18_45 Mac OS X x64(SR5 FP25))
# Java VM: Java HotSpot(TM) 64-Bit Server VM (25.191-b12 mixed mode bsd-amd64 compressed oops)
Heap:
 PSYoungGen      total 187392K, used 73285K [0x00000007a0000000, 0x00000007ad600000, 0x00000007c0000000)
  eden space 162816K, 45% used [0x00000007a0000000,0x00000007a47915c8,0x00000007a9f00000)
  from space 24576K, 0% used [0x00000007abe00000,0x00000007abe00000,0x00000007ad600000)
  to   space 28160K, 0% used [0x00000007a9f00000,0x00000007a9f00000,0x00000007aba80000)
 ParOldGen       total 90112K, used 61157K [0x0000000760000000, 0x0000000765800000, 0x00000007a0000000)
  object space 90112K, 67% used [0x0000000760000000,0x0000000763bb9780,0x0000000765800000)
 Metaspace       used 50859K, capacity 51773K, committed 51888K, reserved 1093632K
  class space    used 7399K, capacity 7585K, committed 7600K, reserved 1048576K
GC Heap History (10 events):
Event: 260.912 GC heap before
{Heap before GC invocations=26 (full 3):
 PSYoungGen      total 160256K, used 141824K [0x00000007a0000000, 0x00000007ab500000, 0x00000007c0000000)
  eden space 141824K, 100% used [0x00000007a0000000,0x00000007a8a80000,0x00000007a8a80000)
  from space 18432K, 0% used [0x00000007a9d80000,0x00000007a9d80000,0x00000007aaf80000)
  to   space 19456K, 0% used [0x00000007a8a80000,0x00000007a8a80000,0x00000007a9d80000)
 ParOldGen       total 69632K, used 46867K [0x0000000760000000, 0x0000000764400000, 0x00000007a0000000)
  object space 69632K, 67% used [0x0000000760000000,0x0000000762dc4ef8,0x0000000764400000)
 Metaspace       used 44458K, capacity 45307K, committed 45616K, reserved 1087488K
  class space    used 6465K, capacity 6640K, committed 6704K, reserved 1048576K
Event: 260.927 GC heap after
Heap after GC invocations=26 (full 3):
 PSYoungGen      total 161280K, used 15295K [0x00000007a0000000, 0x00000007ac500000, 0x00000007c0000000)
  eden space 141824K, 0% used [0x00000007a0000000,0x00000007a0000000,0x00000007a8a80000)
  from space 19456K, 78% used [0x00000007a8a80000,0x00000007a996fc90,0x00000007a9d80000)
  to   space 21504K, 0% used [0x00000007ab000000,0x00000007ab000000,0x00000007ac500000)
 ParOldGen       total 69632K, used 46875K [0x0000000760000000, 0x0000000764400000, 0x00000007a0000000)
  object space 69632K, 67% used [0x0000000760000000,0x0000000762dc6ef8,0x0000000764400000)
 Metaspace       used 44458K, capacity 45307K, committed 45616K, reserved 1087488K
  class space    used 6465K, capacity 6640K, committed 6704K, reserved 1048576K
}
Event: 411.624 GC heap before
{Heap before GC invocations=27 (full 3):
 PSYoungGen      total 161280K, used 157119K [0x00000007a0000000, 0x00000007ac500000, 0x00000007c0000000)
  eden space 141824K, 100% used [0x00000007a0000000,0x00000007a8a80000,0x00000007a8a80000)
  from space 19456K, 78% used [0x00000007a8a80000,0x00000007a996fc90,0x00000007a9d80000)
  to   space 21504K, 0% used [0x00000007ab000000,0x00000007ab000000,0x00000007ac500000)
 ParOldGen       total 69632K, used 46875K [0x0000000760000000, 0x0000000764400000, 0x00000007a0000000)
  object space 69632K, 67% used [0x0000000760000000,0x0000000762dc6ef8,0x0000000764400000)
 Metaspace       used 46417K, capacity 47355K, committed 47792K, reserved 1089536K
  class space    used 6770K, capacity 6974K, committed 7088K, reserved 1048576K
Event: 411.685 GC heap after
Heap after GC invocations=27 (full 3):
 PSYoungGen      total 176640K, used 20166K [0x00000007a0000000, 0x00000007ac900000, 0x00000007c0000000)
  eden space 155136K, 0% used [0x00000007a0000000,0x00000007a0000000,0x00000007a9780000)
  from space 21504K, 93% used [0x00000007ab000000,0x00000007ac3b1800,0x00000007ac500000)
  to   space 25088K, 0% used [0x00000007a9780000,0x00000007a9780000,0x00000007ab000000)
 ParOldGen       total 69632K, used 46883K [0x0000000760000000, 0x0000000764400000, 0x00000007a0000000)
  object space 69632K, 67% used [0x0000000760000000,0x0000000762dc8ef8,0x0000000764400000)
 Metaspace       used 46417K, capacity 47355K, committed 47792K, reserved 1089536K
  class space    used 6770K, capacity 6974K, committed 7088K, reserved 1048576K
}
Event: 427.249 GC heap before
{Heap before GC invocations=28 (full 3):
 PSYoungGen      total 176640K, used 175302K [0x00000007a0000000, 0x00000007ac900000, 0x00000007c0000000)
  eden space 155136K, 100% used [0x00000007a0000000,0x00000007a9780000,0x00000007a9780000)
  from space 21504K, 93% used [0x00000007ab000000,0x00000007ac3b1800,0x00000007ac500000)
  to   space 25088K, 0% used [0x00000007a9780000,0x00000007a9780000,0x00000007ab000000)
 ParOldGen       total 69632K, used 46883K [0x0000000760000000, 0x0000000764400000, 0x00000007a0000000)
  object space 69632K, 67% used [0x0000000760000000,0x0000000762dc8ef8,0x0000000764400000)
 Metaspace       used 50150K, capacity 51127K, committed 51376K, reserved 1093632K
  class space    used 7390K, capacity 7584K, committed 7600K, reserved 1048576K
Event: 427.306 GC heap after
Heap after GC invocations=28 (full 3):
 PSYoungGen      total 180224K, used 25063K [0x00000007a0000000, 0x00000007adb00000, 0x00000007c0000000)
  eden space 155136K, 0% used [0x00000007a0000000,0x00000007a0000000,0x00000007a9780000)
  from space 25088K, 99% used [0x00000007a9780000,0x00000007aaff9cd8,0x00000007ab000000)
  to   space 29696K, 0% used [0x00000007abe00000,0x00000007abe00000,0x00000007adb00000)
 ParOldGen       total 69632K, used 46899K [0x0000000760000000, 0x0000000764400000, 0x00000007a0000000)
  object space 69632K, 67% used [0x0000000760000000,0x0000000762dccef8,0x0000000764400000)
 Metaspace       used 50150K, capacity 51127K, committed 51376K, reserved 1093632K
  class space    used 7390K, capacity 7584K, committed 7600K, reserved 1048576K
}
Event: 460.423 GC heap before
{Heap before GC invocations=29 (full 3):
 PSYoungGen      total 180224K, used 180199K [0x00000007a0000000, 0x00000007adb00000, 0x00000007c0000000)
  eden space 155136K, 100% used [0x00000007a0000000,0x00000007a9780000,0x00000007a9780000)
  from space 25088K, 99% used [0x00000007a9780000,0x00000007aaff9cd8,0x00000007ab000000)
  to   space 29696K, 0% used [0x00000007abe00000,0x00000007abe00000,0x00000007adb00000)
 ParOldGen       total 69632K, used 46899K [0x0000000760000000, 0x0000000764400000, 0x00000007a0000000)
  object space 69632K, 67% used [0x0000000760000000,0x0000000762dccef8,0x0000000764400000)
 Metaspace       used 50552K, capacity 51511K, committed 51632K, reserved 1093632K
  class space    used 7394K, capacity 7584K, committed 7600K, reserved 1048576K
Event: 460.453 GC heap after
Heap after GC invocations=29 (full 3):
 PSYoungGen      total 187392K, used 11277K [0x00000007a0000000, 0x00000007ad600000, 0x00000007c0000000)
  eden space 162816K, 0% used [0x00000007a0000000,0x00000007a0000000,0x00000007a9f00000)
  from space 24576K, 45% used [0x00000007abe00000,0x00000007ac9036a0,0x00000007ad600000)
  to   space 28160K, 0% used [0x00000007a9f00000,0x00000007a9f00000,0x00000007aba80000)
 ParOldGen       total 69632K, used 57229K [0x0000000760000000, 0x0000000764400000, 0x00000007a0000000)
  object space 69632K, 82% used [0x0000000760000000,0x00000007637e3480,0x0000000764400000)
 Metaspace       used 50552K, capacity 51511K, committed 51632K, reserved 1093632K
  class space    used 7394K, capacity 7584K, committed 7600K, reserved 1048576K
}
Event: 460.453 GC heap before
{Heap before GC invocations=30 (full 4):
 PSYoungGen      total 187392K, used 11277K [0x00000007a0000000, 0x00000007ad600000, 0x00000007c0000000)
  eden space 162816K, 0% used [0x00000007a0000000,0x00000007a0000000,0x00000007a9f00000)
  from space 24576K, 45% used [0x00000007abe00000,0x00000007ac9036a0,0x00000007ad600000)
  to   space 28160K, 0% used [0x00000007a9f00000,0x00000007a9f00000,0x00000007aba80000)
 ParOldGen       total 69632K, used 57229K [0x0000000760000000, 0x0000000764400000, 0x00000007a0000000)
  object space 69632K, 82% used [0x0000000760000000,0x00000007637e3480,0x0000000764400000)
 Metaspace       used 50552K, capacity 51511K, committed 51632K, reserved 1093632K
  class space    used 7394K, capacity 7584K, committed 7600K, reserved 1048576K
Event: 460.658 GC heap after
Heap after GC invocations=30 (full 4):
 PSYoungGen      total 187392K, used 0K [0x00000007a0000000, 0x00000007ad600000, 0x00000007c0000000)
  eden space 162816K, 0% used [0x00000007a0000000,0x00000007a0000000,0x00000007a9f00000)
  from space 24576K, 0% used [0x00000007abe00000,0x00000007abe00000,0x00000007ad600000)
  to   space 28160K, 0% used [0x00000007a9f00000,0x00000007a9f00000,0x00000007aba80000)
 ParOldGen       total 90112K, used 61157K [0x0000000760000000, 0x0000000765800000, 0x00000007a0000000)
  object space 90112K, 67% used [0x0000000760000000,0x0000000763bb9780,0x0000000765800000)
 Metaspace       used 50552K, capacity 51511K, committed 51632K, reserved 1093632K
  class space    used 7394K, capacity 7584K, committed 7600K, reserved 1048576K
}

