# JRE version: Java(TM) 2 Runtime Environment, Standard Edition (8.0_191-b12) (build 1.8.0_191-b12 26_Oct_2018_18_45 Mac OS X x64(SR5 FP25))
# Java VM: Java HotSpot(TM) 64-Bit Server VM (25.191-b12 mixed mode bsd-amd64 compressed oops)
Heap:
 PSYoungGen      total 175616K, used 152021K [0x00000007a0000000, 0x00000007aca00000, 0x00000007c0000000)
  eden space 145408K, 98% used [0x00000007a0000000,0x00000007a8b7d758,0x00000007a8e00000)
  from space 30208K, 30% used [0x00000007a8e00000,0x00000007a96f8088,0x00000007aab80000)
  to   space 28160K, 0% used [0x00000007aae80000,0x00000007aae80000,0x00000007aca00000)
 ParOldGen       total 85504K, used 64884K [0x0000000760000000, 0x0000000765380000, 0x00000007a0000000)
  object space 85504K, 75% used [0x0000000760000000,0x0000000763f5d3a8,0x0000000765380000)
 Metaspace       used 50950K, capacity 51833K, committed 52144K, reserved 1093632K
  class space    used 7399K, capacity 7585K, committed 7600K, reserved 1048576K
GC Heap History (10 events):
Event: 112.635 GC heap before
{Heap before GC invocations=27 (full 3):
 PSYoungGen      total 148992K, used 145320K [0x00000007a0000000, 0x00000007abb80000, 0x00000007c0000000)
  eden space 130048K, 97% used [0x00000007a0000000,0x00000007a7b6a518,0x00000007a7f00000)
  from space 18944K, 99% used [0x00000007a7f00000,0x00000007a917fcc8,0x00000007a9180000)
  to   space 25600K, 0% used [0x00000007aa280000,0x00000007aa280000,0x00000007abb80000)
 ParOldGen       total 70656K, used 54763K [0x0000000760000000, 0x0000000764500000, 0x00000007a0000000)
  object space 70656K, 77% used [0x0000000760000000,0x000000076357ae68,0x0000000764500000)
 Metaspace       used 45204K, capacity 46111K, committed 46512K, reserved 1089536K
  class space    used 6511K, capacity 6714K, committed 6832K, reserved 1048576K
Event: 112.773 GC heap after
Heap after GC invocations=27 (full 3):
 PSYoungGen      total 161280K, used 3567K [0x00000007a0000000, 0x00000007ab800000, 0x00000007c0000000)
  eden space 139264K, 0% used [0x00000007a0000000,0x00000007a0000000,0x00000007a8800000)
  from space 22016K, 16% used [0x00000007aa280000,0x00000007aa5fbd18,0x00000007ab800000)
  to   space 24576K, 0% used [0x00000007a8800000,0x00000007a8800000,0x00000007aa000000)
 ParOldGen       total 70656K, used 65747K [0x0000000760000000, 0x0000000764500000, 0x00000007a0000000)
  object space 70656K, 93% used [0x0000000760000000,0x0000000764034d70,0x0000000764500000)
 Metaspace       used 45204K, capacity 46111K, committed 46512K, reserved 1089536K
  class space    used 6511K, capacity 6714K, committed 6832K, reserved 1048576K
}
Event: 112.773 GC heap before
{Heap before GC invocations=28 (full 4):
 PSYoungGen      total 161280K, used 3567K [0x00000007a0000000, 0x00000007ab800000, 0x00000007c0000000)
  eden space 139264K, 0% used [0x00000007a0000000,0x00000007a0000000,0x00000007a8800000)
  from space 22016K, 16% used [0x00000007aa280000,0x00000007aa5fbd18,0x00000007ab800000)
  to   space 24576K, 0% used [0x00000007a8800000,0x00000007a8800000,0x00000007aa000000)
 ParOldGen       total 70656K, used 65747K [0x0000000760000000, 0x0000000764500000, 0x00000007a0000000)
  object space 70656K, 93% used [0x0000000760000000,0x0000000764034d70,0x0000000764500000)
 Metaspace       used 45204K, capacity 46111K, committed 46512K, reserved 1089536K
  class space    used 6511K, capacity 6714K, committed 6832K, reserved 1048576K
Event: 113.210 GC heap after
Heap after GC invocations=28 (full 4):
 PSYoungGen      total 161280K, used 0K [0x00000007a0000000, 0x00000007ab800000, 0x00000007c0000000)
  eden space 139264K, 0% used [0x00000007a0000000,0x00000007a0000000,0x00000007a8800000)
  from space 22016K, 0% used [0x00000007aa280000,0x00000007aa280000,0x00000007ab800000)
  to   space 24576K, 0% used [0x00000007a8800000,0x00000007a8800000,0x00000007aa000000)
 ParOldGen       total 85504K, used 53678K [0x0000000760000000, 0x0000000765380000, 0x00000007a0000000)
  object space 85504K, 62% used [0x0000000760000000,0x000000076346ba98,0x0000000765380000)
 Metaspace       used 45204K, capacity 46111K, committed 46512K, reserved 1089536K
  class space    used 6511K, capacity 6714K, committed 6832K, reserved 1048576K
}
Event: 138.251 GC heap before
{Heap before GC invocations=29 (full 4):
 PSYoungGen      total 161280K, used 139264K [0x00000007a0000000, 0x00000007ab800000, 0x00000007c0000000)
  eden space 139264K, 100% used [0x00000007a0000000,0x00000007a8800000,0x00000007a8800000)
  from space 22016K, 0% used [0x00000007aa280000,0x00000007aa280000,0x00000007ab800000)
  to   space 24576K, 0% used [0x00000007a8800000,0x00000007a8800000,0x00000007aa000000)
 ParOldGen       total 85504K, used 53678K [0x0000000760000000, 0x0000000765380000, 0x00000007a0000000)
  object space 85504K, 62% used [0x0000000760000000,0x000000076346ba98,0x0000000765380000)
 Metaspace       used 47507K, capacity 48419K, committed 48688K, reserved 1091584K
  class space    used 6964K, capacity 7134K, committed 7216K, reserved 1048576K
Event: 138.287 GC heap after
Heap after GC invocations=29 (full 4):
 PSYoungGen      total 163840K, used 24573K [0x00000007a0000000, 0x00000007acd00000, 0x00000007c0000000)
  eden space 139264K, 0% used [0x00000007a0000000,0x00000007a0000000,0x00000007a8800000)
  from space 24576K, 99% used [0x00000007a8800000,0x00000007a9fff5c8,0x00000007aa000000)
  to   space 31744K, 0% used [0x00000007aae00000,0x00000007aae00000,0x00000007acd00000)
 ParOldGen       total 85504K, used 61524K [0x0000000760000000, 0x0000000765380000, 0x00000007a0000000)
  object space 85504K, 71% used [0x0000000760000000,0x0000000763c15368,0x0000000765380000)
 Metaspace       used 47507K, capacity 48419K, committed 48688K, reserved 1091584K
  class space    used 6964K, capacity 7134K, committed 7216K, reserved 1048576K
}
Event: 175.360 GC heap before
{Heap before GC invocations=30 (full 4):
 PSYoungGen      total 163840K, used 163837K [0x00000007a0000000, 0x00000007acd00000, 0x00000007c0000000)
  eden space 139264K, 100% used [0x00000007a0000000,0x00000007a8800000,0x00000007a8800000)
  from space 24576K, 99% used [0x00000007a8800000,0x00000007a9fff5c8,0x00000007aa000000)
  to   space 31744K, 0% used [0x00000007aae00000,0x00000007aae00000,0x00000007acd00000)
 ParOldGen       total 85504K, used 61524K [0x0000000760000000, 0x0000000765380000, 0x00000007a0000000)
  object space 85504K, 71% used [0x0000000760000000,0x0000000763c15368,0x0000000765380000)
 Metaspace       used 50262K, capacity 51187K, committed 51376K, reserved 1093632K
  class space    used 7387K, capacity 7584K, committed 7600K, reserved 1048576K
Event: 175.399 GC heap after
Heap after GC invocations=30 (full 4):
 PSYoungGen      total 173056K, used 8103K [0x00000007a0000000, 0x00000007ac900000, 0x00000007c0000000)
  eden space 145408K, 0% used [0x00000007a0000000,0x00000007a0000000,0x00000007a8e00000)
  from space 27648K, 29% used [0x00000007aae00000,0x00000007ab5e9d10,0x00000007ac900000)
  to   space 30208K, 0% used [0x00000007a8e00000,0x00000007a8e00000,0x00000007aab80000)
 ParOldGen       total 85504K, used 64876K [0x0000000760000000, 0x0000000765380000, 0x00000007a0000000)
  object space 85504K, 75% used [0x0000000760000000,0x0000000763f5b3a8,0x0000000765380000)
 Metaspace       used 50262K, capacity 51187K, committed 51376K, reserved 1093632K
  class space    used 7387K, capacity 7584K, committed 7600K, reserved 1048576K
}
Event: 384.723 GC heap before
{Heap before GC invocations=31 (full 4):
 PSYoungGen      total 173056K, used 153049K [0x00000007a0000000, 0x00000007ac900000, 0x00000007c0000000)
  eden space 145408K, 99% used [0x00000007a0000000,0x00000007a8d8c7c0,0x00000007a8e00000)
  from space 27648K, 29% used [0x00000007aae00000,0x00000007ab5e9d10,0x00000007ac900000)
  to   space 30208K, 0% used [0x00000007a8e00000,0x00000007a8e00000,0x00000007aab80000)
 ParOldGen       total 85504K, used 64876K [0x0000000760000000, 0x0000000765380000, 0x00000007a0000000)
  object space 85504K, 75% used [0x0000000760000000,0x0000000763f5b3a8,0x0000000765380000)
 Metaspace       used 50670K, capacity 51571K, committed 51888K, reserved 1093632K
  class space    used 7395K, capacity 7584K, committed 7600K, reserved 1048576K
Event: 384.787 GC heap after
Heap after GC invocations=31 (full 4):
 PSYoungGen      total 175616K, used 9184K [0x00000007a0000000, 0x00000007aca00000, 0x00000007c0000000)
  eden space 145408K, 0% used [0x00000007a0000000,0x00000007a0000000,0x00000007a8e00000)
  from space 30208K, 30% used [0x00000007a8e00000,0x00000007a96f8088,0x00000007aab80000)
  to   space 28160K, 0% used [0x00000007aae80000,0x00000007aae80000,0x00000007aca00000)
 ParOldGen       total 85504K, used 64884K [0x0000000760000000, 0x0000000765380000, 0x00000007a0000000)
  object space 85504K, 75% used [0x0000000760000000,0x0000000763f5d3a8,0x0000000765380000)
 Metaspace       used 50670K, capacity 51571K, committed 51888K, reserved 1093632K
  class space    used 7395K, capacity 7584K, committed 7600K, reserved 1048576K
}

